<?xml version="1.0" encoding="UTF-8"?>
<testsuite xmlns:xsi="http://www.w3.org/2001/XMLSchema-instance" xsi:noNamespaceSchemaLocation="https://maven.apache.org/surefire/maven-surefire-plugin/xsd/surefire-test-report-3.0.xsd" version="3.0" name="edu.ucsd.spendingtracker.repository.ExpenseRepositoryTest" time="0.032" tests="5" errors="0" skipped="0" failures="0">
  <properties>
[...]
</properties>
  <testcase name="testMultipleExpenses" classname="edu.ucsd.spendingtracker.repository.ExpenseRepositoryTest" time="0.012"/>
  <testcase name="testAddExpense" classname="edu.ucsd.spendingtracker.repository.ExpenseRepositoryTest" time="0.001"/>
  <testcase name="testDeleteExpense" classname="edu.ucsd.spendingtracker.repository.ExpenseRepositoryTest" time="0.0"/>
  <testcase name="testInitialEmpty" classname="edu.ucsd.spendingtracker.repository.ExpenseRepositoryTest" time="0.0"/>
  <testcase name="placeholderTest" classname="edu.ucsd.spendingtracker.repository.ExpenseRepositoryTest" time="0.0"/>
</testsuite>